<?xml version="1.0" encoding="UTF-8"?>
<!-- Generated by org.testng.reporters.JUnitReportReporter -->
<testsuite hostname="BatMan" failures="0" tests="3" name="test.TestAutomation" time="0.010" errors="0" timestamp="2023-04-09T12:45:33 IST" skipped="0">
  <testcase classname="test.TestAutomation" name="Test1" time="0.007"/>
  <system-out/>
  <testcase classname="test.TestAutomation" name="Test2" time="0.002"/>
  <system-out/>
  <testcase classname="test.TestAutomation" name="Test3" time="0.001"/>
  <system-out/>
</testsuite> <!-- test.TestAutomation -->
