<?xml version="1.0" encoding="UTF-8"?>
<!-- Generated by org.testng.reporters.JUnitReportReporter -->
<testsuite hostname="BatMan" failures="0" tests="4" name="test.TestAutomation" time="41.479" errors="0" timestamp="09 Apr 2023 11:41:47 GMT" skipped="0">
  <testcase classname="test.TestAutomation" name="Test4" time="41.470"/>
  <testcase classname="test.TestAutomation" name="Test3" time="0.001"/>
  <testcase classname="test.TestAutomation" name="Test2" time="0.001"/>
  <testcase classname="test.TestAutomation" name="Test1" time="0.007"/>
</testsuite> <!-- test.TestAutomation -->
