<?xml version="1.0" encoding="UTF-8"?>
<!-- Generated by org.testng.reporters.JUnitReportReporter -->
<testsuite hostname="BatMan" failures="0" tests="4" name="test.TestAutomation" time="12.829" errors="0" timestamp="09 Apr 2023 08:35:11 GMT" skipped="0">
  <testcase classname="test.TestAutomation" name="Test4" time="12.819"/>
  <testcase classname="test.TestAutomation" name="Test3" time="0.001"/>
  <testcase classname="test.TestAutomation" name="Test2" time="0.001"/>
  <testcase classname="test.TestAutomation" name="Test1" time="0.008"/>
</testsuite> <!-- test.TestAutomation -->
